\BOOKMARK [0][-]{dummy.4}{\376\377\000A\000c\000k\000n\000o\000w\000l\000e\000d\000g\000e\000m\000e\000n\000t\000s}{}% 1
\BOOKMARK [0][-]{dummy.6}{\376\377\000L\000i\000s\000t\000\040\000o\000f\000\040\000F\000i\000g\000u\000r\000e\000s}{}% 2
\BOOKMARK [0][-]{dummy.8}{\376\377\000L\000i\000s\000t\000\040\000o\000f\000\040\000T\000a\000b\000l\000e\000s}{}% 3
\BOOKMARK [0][-]{dummy.10}{\376\377\000A\000b\000b\000r\000e\000v\000i\000a\000t\000i\000o\000n\000s}{}% 4
\BOOKMARK [0][-]{chapter.13}{\376\377\0001\000\040\000I\000n\000t\000r\000o\000d\000u\000c\000t\000i\000o\000n}{}% 5
\BOOKMARK [1][-]{section.16}{\376\377\0001\000.\0001\000\040\000S\000y\000s\000t\000e\000m\000\040\000P\000u\000r\000p\000o\000s\000e}{chapter.13}% 6
\BOOKMARK [2][-]{subsection.17}{\376\377\0001\000.\0001\000.\0001\000\040\000D\000a\000t\000a\000\040\000p\000r\000o\000c\000e\000s\000s\000i\000n\000g\000\040\000S\000y\000s\000t\000e\000m}{section.16}% 7
\BOOKMARK [2][-]{subsection.19}{\376\377\0001\000.\0001\000.\0002\000\040\000D\000i\000g\000i\000t\000a\000l\000\040\000C\000o\000m\000m\000a\000n\000d\000\040\000E\000n\000c\000o\000d\000e\000r\000\040\000/\000\040\000R\000e\000m\000o\000t\000e\000\040\000C\000o\000m\000m\000a\000n\000d\000\040\000U\000n\000i\000t\000\040}{section.16}% 8
\BOOKMARK [2][-]{subsection.21}{\376\377\0001\000.\0001\000.\0003\000\040\000S\000e\000r\000v\000o\000\040\000S\000y\000s\000t\000e\000m}{section.16}% 9
\BOOKMARK [2][-]{subsection.23}{\376\377\0001\000.\0001\000.\0004\000\040\000O\000p\000e\000r\000a\000t\000o\000r\000\040\000C\000o\000n\000t\000r\000o\000l\000\040\000C\000o\000n\000s\000o\000l\000e}{section.16}% 10
\BOOKMARK [2][-]{subsection.24}{\376\377\0001\000.\0001\000.\0005\000\040\000E\000n\000c\000o\000d\000e\000r\000\040\000D\000a\000t\000a\000\040\000A\000c\000q\000u\000i\000s\000i\000t\000i\000o\000n\000\040\000U\000n\000i\000t}{section.16}% 11
\BOOKMARK [2][-]{subsection.25}{\376\377\0001\000.\0001\000.\0006\000\040\000T\000i\000m\000e\000\040\000C\000o\000d\000e\000\040\000R\000e\000a\000d\000e\000r}{section.16}% 12
\BOOKMARK [2][-]{subsection.28}{\376\377\0001\000.\0001\000.\0007\000\040\000T\000r\000a\000n\000s\000m\000i\000t\000t\000e\000r\000/\000\040\000S\000o\000l\000i\000d\000\040\000S\000t\000a\000t\000e\000\040\000P\000o\000w\000e\000r\000\040\000A\000m\000p\000l\000i\000f\000i\000e\000r}{section.16}% 13
\BOOKMARK [2][-]{subsection.30}{\376\377\0001\000.\0001\000.\0008\000\040\000S\000h\000o\000r\000t\000\040\000B\000a\000c\000k\000\040\000F\000i\000r\000e\000\040\000A\000n\000t\000e\000n\000n\000a}{section.16}% 14
\BOOKMARK [2][-]{subsection.31}{\376\377\0001\000.\0001\000.\0009\000\040\000C\000o\000m\000m\000a\000n\000d\000\040\000R\000e\000m\000o\000t\000e\000\040\000I\000n\000t\000e\000r\000f\000a\000c\000e}{section.16}% 15
\BOOKMARK [1][-]{section.33}{\376\377\0001\000.\0002\000\040\000S\000y\000s\000t\000e\000m\000\040\000S\000c\000o\000p\000e}{chapter.13}% 16
\BOOKMARK [0][-]{chapter.34}{\376\377\0002\000\040\000D\000e\000c\000o\000m\000p\000o\000s\000i\000t\000i\000o\000n\000\040\000d\000e\000s\000c\000r\000i\000p\000t\000i\000o\000n}{}% 17
\BOOKMARK [1][-]{section.35}{\376\377\0002\000.\0001\000\040\000M\000o\000d\000u\000l\000e\000\040\000d\000e\000c\000o\000m\000p\000o\000s\000i\000t\000i\000o\000n}{chapter.34}% 18
\BOOKMARK [2][-]{subsection.36}{\376\377\0002\000.\0001\000.\0001\000\040\000m\000a\000i\000n}{section.35}% 19
\BOOKMARK [2][-]{subsection.37}{\376\377\0002\000.\0001\000.\0002\000\040\000m\000a\000i\000n\000w\000i\000n\000d\000o\000w}{section.35}% 20
\BOOKMARK [2][-]{subsection.38}{\376\377\0002\000.\0001\000.\0003\000\040\000p\000r\000o\000g\000m\000o\000d\000e}{section.35}% 21
\BOOKMARK [2][-]{subsection.39}{\376\377\0002\000.\0001\000.\0004\000\040\000d\000i\000o}{section.35}% 22
\BOOKMARK [2][-]{subsection.40}{\376\377\0002\000.\0001\000.\0005\000\040\000t\000c\000p\000r\000o\000c\000e\000s\000s}{section.35}% 23
\BOOKMARK [2][-]{subsection.41}{\376\377\0002\000.\0001\000.\0006\000\040\000a\000n\000a\000l\000o\000g\000a\000o}{section.35}% 24
\BOOKMARK [2][-]{subsection.42}{\376\377\0002\000.\0001\000.\0007\000\040\000a\000n\000a\000l\000o\000g\000a\000i}{section.35}% 25
\BOOKMARK [2][-]{subsection.43}{\376\377\0002\000.\0001\000.\0008\000\040\000l\000o\000g\000c\000l\000a\000s\000s}{section.35}% 26
\BOOKMARK [2][-]{subsection.44}{\376\377\0002\000.\0001\000.\0009\000\040\000p\000l\000o\000t\000t\000i\000n\000g}{section.35}% 27
\BOOKMARK [2][-]{subsection.45}{\376\377\0002\000.\0001\000.\0001\0000\000\040\000q\000c\000u\000s\000t\000o\000m\000p\000l\000o\000t}{section.35}% 28
\BOOKMARK [1][-]{section.46}{\376\377\0002\000.\0002\000\040\000C\000o\000n\000c\000u\000r\000r\000e\000n\000t\000\040\000p\000r\000o\000c\000e\000s\000s\000\040\000d\000e\000c\000o\000m\000p\000o\000s\000i\000t\000i\000o\000n}{chapter.34}% 29
\BOOKMARK [2][-]{subsection.47}{\376\377\0002\000.\0002\000.\0001\000\040\000n\000e\000t\000w\000o\000r\000k\000r\000x\000T\000h\000r\000e\000a\000d}{section.46}% 30
\BOOKMARK [2][-]{subsection.48}{\376\377\0002\000.\0002\000.\0002\000\040\000n\000e\000t\000w\000o\000r\000k\000t\000x\000n}{section.46}% 31
\BOOKMARK [2][-]{subsection.49}{\376\377\0002\000.\0002\000.\0003\000\040\000S\000i\000o\000t\000h\000r\000e\000a\000d}{section.46}% 32
\BOOKMARK [2][-]{subsection.50}{\376\377\0002\000.\0002\000.\0004\000\040\000A\000i\000T\000h\000r\000e\000a\000d}{section.46}% 33
\BOOKMARK [2][-]{subsection.51}{\376\377\0002\000.\0002\000.\0005\000\040\000A\000O\000T\000h\000r\000e\000a\000d}{section.46}% 34
\BOOKMARK [2][-]{subsection.52}{\376\377\0002\000.\0002\000.\0006\000\040\000L\000o\000g\000T\000h\000r\000e\000a\000d}{section.46}% 35
\BOOKMARK [1][-]{section.53}{\376\377\0002\000.\0003\000\040\000D\000a\000t\000a\000\040\000d\000e\000c\000o\000m\000p\000o\000s\000i\000t\000i\000o\000n}{chapter.34}% 36
\BOOKMARK [2][-]{subsection.54}{\376\377\0002\000.\0003\000.\0001\000\040\000I\000n\000p\000u\000t\000\040\000d\000a\000t\000a\000\040\000f\000i\000l\000e\000s}{section.53}% 37
\BOOKMARK [2][-]{subsection.55}{\376\377\0002\000.\0003\000.\0002\000\040\000O\000u\000t\000p\000u\000t\000\040\000d\000a\000t\000a\000\040\000f\000i\000l\000e\000s}{section.53}% 38
\BOOKMARK [0][-]{chapter.56}{\376\377\0003\000\040\000D\000e\000p\000e\000n\000d\000e\000n\000c\000y\000\040\000d\000e\000s\000c\000r\000i\000p\000t\000i\000o\000n}{}% 39
\BOOKMARK [1][-]{section.57}{\376\377\0003\000.\0001\000\040\000I\000n\000t\000e\000r\000m\000o\000d\000u\000l\000e\000\040\000d\000e\000p\000e\000n\000d\000e\000n\000c\000y}{chapter.56}% 40
\BOOKMARK [1][-]{section.59}{\376\377\0003\000.\0002\000\040\000I\000n\000t\000e\000r\000p\000r\000o\000c\000e\000s\000s\000\040\000d\000e\000p\000e\000n\000d\000e\000n\000c\000i\000e\000s}{chapter.56}% 41
\BOOKMARK [1][-]{section.60}{\376\377\0003\000.\0003\000\040\000D\000a\000t\000a\000\040\000d\000e\000p\000e\000n\000d\000e\000n\000c\000i\000e\000s}{chapter.56}% 42
\BOOKMARK [2][-]{subsection.61}{\376\377\0003\000.\0003\000.\0001\000\040\000I\000n\000p\000u\000t\000\040\000d\000a\000t\000a\000\040\000f\000i\000l\000e\000s}{section.60}% 43
\BOOKMARK [2][-]{subsection.62}{\376\377\0003\000.\0003\000.\0002\000\040\000Q\000T\000\040\000R\000e\000s\000o\000u\000r\000c\000e\000s}{section.60}% 44
\BOOKMARK [2][-]{subsection.63}{\376\377\0003\000.\0003\000.\0003\000\040\000S\000y\000s\000t\000e\000m\000\040\000R\000e\000s\000o\000u\000r\000c\000e\000s}{section.60}% 45
\BOOKMARK [2][-]{subsection.64}{\376\377\0003\000.\0003\000.\0004\000\040\000D\000r\000i\000v\000e\000r\000s}{section.60}% 46
\BOOKMARK [0][-]{chapter.65}{\376\377\0004\000\040\000I\000n\000t\000e\000r\000f\000a\000c\000e\000\040\000d\000e\000s\000c\000r\000i\000p\000t\000i\000o\000n}{}% 47
\BOOKMARK [1][-]{section.66}{\376\377\0004\000.\0001\000\040\000M\000o\000d\000u\000l\000e\000\040\000I\000n\000t\000e\000r\000f\000a\000c\000e}{chapter.65}% 48
\BOOKMARK [2][-]{subsection.67}{\376\377\0004\000.\0001\000.\0001\000\040\000m\000a\000i\000n}{section.66}% 49
\BOOKMARK [2][-]{subsection.68}{\376\377\0004\000.\0001\000.\0002\000\040\000M\000a\000i\000n\000W\000i\000n\000d\000o\000w}{section.66}% 50
\BOOKMARK [2][-]{subsection.69}{\376\377\0004\000.\0001\000.\0003\000\040\000d\000i\000o}{section.66}% 51
\BOOKMARK [2][-]{subsection.70}{\376\377\0004\000.\0001\000.\0004\000\040\000a\000n\000a\000l\000o\000g\000a\000i}{section.66}% 52
\BOOKMARK [2][-]{subsection.71}{\376\377\0004\000.\0001\000.\0005\000\040\000a\000n\000a\000l\000o\000g\000a\000o}{section.66}% 53
\BOOKMARK [2][-]{subsection.72}{\376\377\0004\000.\0001\000.\0006\000\040\000l\000o\000g\000c\000l\000a\000s\000s}{section.66}% 54
\BOOKMARK [2][-]{subsection.73}{\376\377\0004\000.\0001\000.\0007\000\040\000N\000e\000t\000w\000o\000r\000k\000R\000x\000T\000h\000r\000e\000a\000d}{section.66}% 55
\BOOKMARK [2][-]{subsection.74}{\376\377\0004\000.\0001\000.\0008\000\040\000n\000e\000t\000w\000o\000r\000k\000T\000x\000n}{section.66}% 56
\BOOKMARK [2][-]{subsection.75}{\376\377\0004\000.\0001\000.\0009\000\040\000p\000l\000o\000t\000t\000i\000n\000g}{section.66}% 57
\BOOKMARK [2][-]{subsection.76}{\376\377\0004\000.\0001\000.\0001\0000\000\040\000p\000r\000o\000g\000M\000o\000d\000e}{section.66}% 58
\BOOKMARK [2][-]{subsection.77}{\376\377\0004\000.\0001\000.\0001\0001\000\040\000q\000c\000u\000s\000t\000o\000m\000p\000l\000o\000t}{section.66}% 59
\BOOKMARK [2][-]{subsection.78}{\376\377\0004\000.\0001\000.\0001\0002\000\040\000s\000i\000o\000t\000h\000r\000e\000a\000d}{section.66}% 60
\BOOKMARK [1][-]{section.79}{\376\377\0004\000.\0002\000\040\000P\000r\000o\000c\000e\000s\000s\000\040\000I\000n\000t\000e\000r\000f\000a\000c\000e\000\040\000:\000\040\000t\000c\000p\000r\000o\000c\000e\000s\000s}{chapter.65}% 61
\BOOKMARK [0][-]{chapter.80}{\376\377\0005\000\040\000D\000e\000t\000a\000i\000l\000e\000d\000\040\000d\000e\000s\000i\000g\000n}{}% 62
\BOOKMARK [1][-]{section.81}{\376\377\0005\000.\0001\000\040\000M\000o\000d\000u\000l\000e\000\040\000D\000e\000t\000a\000i\000l\000e\000d\000\040\000d\000e\000s\000i\000g\000n}{chapter.80}% 63
\BOOKMARK [2][-]{subsection.82}{\376\377\0005\000.\0001\000.\0001\000\040\000M\000a\000i\000n\000\040}{section.81}% 64
\BOOKMARK [3][-]{subsubsection.83}{\376\377\0005\000.\0001\000.\0001\000.\0001\000\040\000A\000t\000t\000r\000i\000b\000u\000t\000e\000s}{subsection.82}% 65
\BOOKMARK [3][-]{subsubsection.84}{\376\377\0005\000.\0001\000.\0001\000.\0002\000\040\000M\000e\000m\000b\000e\000r\000\040\000F\000u\000n\000c\000t\000i\000o\000n\000s\000\040}{subsection.82}% 66
\BOOKMARK [3][-]{subsubsection.85}{\376\377\0005\000.\0001\000.\0001\000.\0003\000\040\000S\000l\000o\000t\000s}{subsection.82}% 67
\BOOKMARK [3][-]{subsubsection.86}{\376\377\0005\000.\0001\000.\0001\000.\0004\000\040\000S\000i\000g\000n\000a\000l\000s}{subsection.82}% 68
\BOOKMARK [3][-]{subsubsection.87}{\376\377\0005\000.\0001\000.\0001\000.\0005\000\040\000I\000n\000t\000e\000r\000n\000a\000l\000\040\000d\000e\000s\000i\000g\000n\000\040\000d\000e\000t\000a\000i\000l\000s\000\040}{subsection.82}% 69
\BOOKMARK [2][-]{subsection.88}{\376\377\0005\000.\0001\000.\0002\000\040\000M\000a\000i\000n\000\040\000W\000i\000n\000d\000o\000w}{section.81}% 70
\BOOKMARK [3][-]{subsubsection.89}{\376\377\0005\000.\0001\000.\0002\000.\0001\000\040\000A\000t\000t\000r\000i\000b\000u\000t\000e\000s}{subsection.88}% 71
\BOOKMARK [3][-]{subsubsection.90}{\376\377\0005\000.\0001\000.\0002\000.\0002\000\040\000M\000e\000m\000b\000e\000r\000\040\000F\000u\000n\000c\000t\000i\000o\000n\000s\000\040}{subsection.88}% 72
\BOOKMARK [3][-]{subsubsection.91}{\376\377\0005\000.\0001\000.\0002\000.\0003\000\040\000S\000l\000o\000t\000s}{subsection.88}% 73
\BOOKMARK [3][-]{subsubsection.92}{\376\377\0005\000.\0001\000.\0002\000.\0004\000\040\000S\000i\000g\000n\000a\000l\000s}{subsection.88}% 74
\BOOKMARK [3][-]{subsubsection.93}{\376\377\0005\000.\0001\000.\0002\000.\0005\000\040\000I\000n\000t\000e\000r\000n\000a\000l\000\040\000d\000e\000s\000i\000g\000n\000\040\000d\000e\000t\000a\000i\000l\000s\000\040\000o\000f\000\040\000m\000e\000m\000b\000e\000r\000\040\000f\000u\000n\000c\000t\000i\000o\000n\000s\000\040}{subsection.88}% 75
\BOOKMARK [3][-]{subsubsection.111}{\376\377\0005\000.\0001\000.\0002\000.\0006\000\040\000I\000n\000t\000e\000r\000n\000a\000l\000\040\000d\000e\000s\000i\000g\000n\000\040\000d\000e\000t\000a\000i\000l\000s\000\040\000o\000f\000\040\000S\000L\000O\000T\000S}{subsection.88}% 76
\BOOKMARK [2][-]{subsection.127}{\376\377\0005\000.\0001\000.\0003\000\040\000d\000i\000o}{section.81}% 77
\BOOKMARK [3][-]{subsubsection.128}{\376\377\0005\000.\0001\000.\0003\000.\0001\000\040\000A\000t\000t\000r\000i\000b\000u\000t\000e\000s}{subsection.127}% 78
\BOOKMARK [3][-]{subsubsection.129}{\376\377\0005\000.\0001\000.\0003\000.\0002\000\040\000M\000e\000m\000b\000e\000r\000\040\000F\000u\000n\000c\000t\000i\000o\000n\000s\000\040}{subsection.127}% 79
\BOOKMARK [3][-]{subsubsection.130}{\376\377\0005\000.\0001\000.\0003\000.\0003\000\040\000S\000l\000o\000t\000s}{subsection.127}% 80
\BOOKMARK [3][-]{subsubsection.131}{\376\377\0005\000.\0001\000.\0003\000.\0004\000\040\000S\000i\000g\000n\000a\000l\000s}{subsection.127}% 81
\BOOKMARK [3][-]{subsubsection.132}{\376\377\0005\000.\0001\000.\0003\000.\0005\000\040\000I\000n\000t\000e\000r\000n\000a\000l\000\040\000d\000e\000s\000i\000g\000n\000\040\000d\000e\000t\000a\000i\000l\000s\000\040}{subsection.127}% 82
\BOOKMARK [2][-]{subsection.163}{\376\377\0005\000.\0001\000.\0004\000\040\000a\000n\000a\000l\000o\000g\000a\000i}{section.81}% 83
\BOOKMARK [3][-]{subsubsection.164}{\376\377\0005\000.\0001\000.\0004\000.\0001\000\040\000A\000t\000t\000r\000i\000b\000u\000t\000e\000s}{subsection.163}% 84
\BOOKMARK [3][-]{subsubsection.165}{\376\377\0005\000.\0001\000.\0004\000.\0002\000\040\000M\000e\000m\000b\000e\000r\000\040\000F\000u\000n\000c\000t\000i\000o\000n\000s\000\040}{subsection.163}% 85
\BOOKMARK [3][-]{subsubsection.166}{\376\377\0005\000.\0001\000.\0004\000.\0003\000\040\000S\000l\000o\000t\000s}{subsection.163}% 86
\BOOKMARK [3][-]{subsubsection.167}{\376\377\0005\000.\0001\000.\0004\000.\0004\000\040\000S\000i\000g\000n\000a\000l\000s}{subsection.163}% 87
\BOOKMARK [3][-]{subsubsection.168}{\376\377\0005\000.\0001\000.\0004\000.\0005\000\040\000I\000n\000t\000e\000r\000n\000a\000l\000\040\000d\000e\000s\000i\000g\000n\000\040\000d\000e\000t\000a\000i\000l\000s\000\040}{subsection.163}% 88
\BOOKMARK [2][-]{subsection.193}{\376\377\0005\000.\0001\000.\0005\000\040\000a\000n\000a\000l\000o\000g\000a\000o}{section.81}% 89
\BOOKMARK [3][-]{subsubsection.194}{\376\377\0005\000.\0001\000.\0005\000.\0001\000\040\000A\000t\000t\000r\000i\000b\000u\000t\000e\000s}{subsection.193}% 90
\BOOKMARK [3][-]{subsubsection.195}{\376\377\0005\000.\0001\000.\0005\000.\0002\000\040\000M\000e\000m\000b\000e\000r\000\040\000F\000u\000n\000c\000t\000i\000o\000n\000s\000\040}{subsection.193}% 91
\BOOKMARK [3][-]{subsubsection.196}{\376\377\0005\000.\0001\000.\0005\000.\0003\000\040\000S\000l\000o\000t\000s}{subsection.193}% 92
\BOOKMARK [3][-]{subsubsection.197}{\376\377\0005\000.\0001\000.\0005\000.\0004\000\040\000S\000i\000g\000n\000a\000l\000s}{subsection.193}% 93
\BOOKMARK [3][-]{subsubsection.198}{\376\377\0005\000.\0001\000.\0005\000.\0005\000\040\000I\000n\000t\000e\000r\000n\000a\000l\000\040\000d\000e\000s\000i\000g\000n\000\040\000d\000e\000t\000a\000i\000l\000s\000\040}{subsection.193}% 94
\BOOKMARK [2][-]{subsection.217}{\376\377\0005\000.\0001\000.\0006\000\040\000l\000o\000g\000c\000l\000a\000s\000s}{section.81}% 95
\BOOKMARK [3][-]{subsubsection.218}{\376\377\0005\000.\0001\000.\0006\000.\0001\000\040\000A\000t\000t\000r\000i\000b\000u\000t\000e\000s}{subsection.217}% 96
\BOOKMARK [3][-]{subsubsection.219}{\376\377\0005\000.\0001\000.\0006\000.\0002\000\040\000M\000e\000m\000b\000e\000r\000\040\000F\000u\000n\000c\000t\000i\000o\000n\000s\000\040}{subsection.217}% 97
\BOOKMARK [3][-]{subsubsection.220}{\376\377\0005\000.\0001\000.\0006\000.\0003\000\040\000S\000l\000o\000t\000s}{subsection.217}% 98
\BOOKMARK [3][-]{subsubsection.221}{\376\377\0005\000.\0001\000.\0006\000.\0004\000\040\000S\000i\000g\000n\000a\000l\000s}{subsection.217}% 99
\BOOKMARK [3][-]{subsubsection.222}{\376\377\0005\000.\0001\000.\0006\000.\0005\000\040\000I\000n\000t\000e\000r\000n\000a\000l\000\040\000d\000e\000s\000i\000g\000n\000\040\000d\000e\000t\000a\000i\000l\000s\000\040}{subsection.217}% 100
\BOOKMARK [2][-]{subsection.408}{\376\377\0005\000.\0001\000.\0007\000\040\000p\000l\000o\000t\000t\000i\000n\000g}{section.81}% 101
\BOOKMARK [3][-]{subsubsection.409}{\376\377\0005\000.\0001\000.\0007\000.\0001\000\040\000A\000t\000t\000r\000i\000b\000u\000t\000e\000s}{subsection.408}% 102
\BOOKMARK [3][-]{subsubsection.410}{\376\377\0005\000.\0001\000.\0007\000.\0002\000\040\000M\000e\000m\000b\000e\000r\000\040\000F\000u\000n\000c\000t\000i\000o\000n\000s\000\040}{subsection.408}% 103
\BOOKMARK [3][-]{subsubsection.411}{\376\377\0005\000.\0001\000.\0007\000.\0003\000\040\000S\000l\000o\000t\000s}{subsection.408}% 104
\BOOKMARK [3][-]{subsubsection.412}{\376\377\0005\000.\0001\000.\0007\000.\0004\000\040\000S\000i\000g\000n\000a\000l\000s}{subsection.408}% 105
\BOOKMARK [3][-]{subsubsection.413}{\376\377\0005\000.\0001\000.\0007\000.\0005\000\040\000I\000n\000t\000e\000r\000n\000a\000l\000\040\000d\000e\000s\000i\000g\000n\000\040\000d\000e\000t\000a\000i\000l\000s\000\040}{subsection.408}% 106
\BOOKMARK [2][-]{subsection.456}{\376\377\0005\000.\0001\000.\0008\000\040\000p\000r\000o\000g\000M\000o\000d\000e}{section.81}% 107
\BOOKMARK [3][-]{subsubsection.457}{\376\377\0005\000.\0001\000.\0008\000.\0001\000\040\000A\000t\000t\000r\000i\000b\000u\000t\000e\000s}{subsection.456}% 108
\BOOKMARK [3][-]{subsubsection.458}{\376\377\0005\000.\0001\000.\0008\000.\0002\000\040\000M\000e\000m\000b\000e\000r\000\040\000F\000u\000n\000c\000t\000i\000o\000n\000s\000\040}{subsection.456}% 109
\BOOKMARK [3][-]{subsubsection.459}{\376\377\0005\000.\0001\000.\0008\000.\0003\000\040\000S\000l\000o\000t\000s}{subsection.456}% 110
\BOOKMARK [3][-]{subsubsection.460}{\376\377\0005\000.\0001\000.\0008\000.\0004\000\040\000S\000i\000g\000n\000a\000l\000s}{subsection.456}% 111
\BOOKMARK [3][-]{subsubsection.461}{\376\377\0005\000.\0001\000.\0008\000.\0005\000\040\000I\000n\000t\000e\000r\000n\000a\000l\000\040\000d\000e\000s\000i\000g\000n\000\040\000d\000e\000t\000a\000i\000l\000s\000\040}{subsection.456}% 112
\BOOKMARK [2][-]{subsection.474}{\376\377\0005\000.\0001\000.\0009\000\040\000q\000c\000u\000s\000t\000o\000m\000p\000l\000o\000t}{section.81}% 113
\BOOKMARK [3][-]{subsubsection.475}{\376\377\0005\000.\0001\000.\0009\000.\0001\000\040\000A\000t\000t\000r\000i\000b\000u\000t\000e\000s}{subsection.474}% 114
\BOOKMARK [3][-]{subsubsection.476}{\376\377\0005\000.\0001\000.\0009\000.\0002\000\040\000M\000e\000m\000b\000e\000r\000\040\000F\000u\000n\000c\000t\000i\000o\000n\000s\000\040}{subsection.474}% 115
\BOOKMARK [3][-]{subsubsection.477}{\376\377\0005\000.\0001\000.\0009\000.\0003\000\040\000S\000l\000o\000t\000s}{subsection.474}% 116
\BOOKMARK [3][-]{subsubsection.478}{\376\377\0005\000.\0001\000.\0009\000.\0004\000\040\000S\000i\000g\000n\000a\000l\000s}{subsection.474}% 117
\BOOKMARK [3][-]{subsubsection.479}{\376\377\0005\000.\0001\000.\0009\000.\0005\000\040\000I\000n\000t\000e\000r\000n\000a\000l\000\040\000d\000e\000s\000i\000g\000n\000\040\000d\000e\000t\000a\000i\000l\000s\000\040}{subsection.474}% 118
\BOOKMARK [2][-]{subsection.480}{\376\377\0005\000.\0001\000.\0001\0000\000\040\000t\000c\000p\000r\000o\000c\000e\000s\000s}{section.81}% 119
\BOOKMARK [3][-]{subsubsection.481}{\376\377\0005\000.\0001\000.\0001\0000\000.\0001\000\040\000A\000t\000t\000r\000i\000b\000u\000t\000e\000s}{subsection.480}% 120
\BOOKMARK [3][-]{subsubsection.482}{\376\377\0005\000.\0001\000.\0001\0000\000.\0002\000\040\000M\000e\000m\000b\000e\000r\000\040\000F\000u\000n\000c\000t\000i\000o\000n\000s\000\040}{subsection.480}% 121
\BOOKMARK [3][-]{subsubsection.483}{\376\377\0005\000.\0001\000.\0001\0000\000.\0003\000\040\000S\000l\000o\000t\000s}{subsection.480}% 122
\BOOKMARK [3][-]{subsubsection.484}{\376\377\0005\000.\0001\000.\0001\0000\000.\0004\000\040\000S\000i\000g\000n\000a\000l\000s}{subsection.480}% 123
\BOOKMARK [3][-]{subsubsection.485}{\376\377\0005\000.\0001\000.\0001\0000\000.\0005\000\040\000I\000n\000t\000e\000r\000n\000a\000l\000\040\000d\000e\000s\000i\000g\000n\000\040\000d\000e\000t\000a\000i\000l\000s\000\040}{subsection.480}% 124
\BOOKMARK [2][-]{subsection.528}{\376\377\0005\000.\0001\000.\0001\0001\000\040\000N\000e\000t\000w\000o\000r\000k\000\040\000R\000e\000c\000e\000p\000t\000i\000o\000n\000:\000\040\000N\000e\000t\000w\000o\000r\000k\000R\000x}{section.81}% 125
\BOOKMARK [3][-]{subsubsection.529}{\376\377\0005\000.\0001\000.\0001\0001\000.\0001\000\040\000A\000t\000t\000r\000i\000b\000u\000t\000e\000s}{subsection.528}% 126
\BOOKMARK [3][-]{subsubsection.530}{\376\377\0005\000.\0001\000.\0001\0001\000.\0002\000\040\000M\000e\000m\000b\000e\000r\000\040\000F\000u\000n\000c\000t\000i\000o\000n\000s\000\040}{subsection.528}% 127
\BOOKMARK [3][-]{subsubsection.531}{\376\377\0005\000.\0001\000.\0001\0001\000.\0003\000\040\000S\000l\000o\000t\000s}{subsection.528}% 128
\BOOKMARK [3][-]{subsubsection.532}{\376\377\0005\000.\0001\000.\0001\0001\000.\0004\000\040\000S\000i\000g\000n\000a\000l\000s}{subsection.528}% 129
\BOOKMARK [3][-]{subsubsection.533}{\376\377\0005\000.\0001\000.\0001\0001\000.\0005\000\040\000I\000n\000t\000e\000r\000n\000a\000l\000\040\000d\000e\000s\000i\000g\000n\000\040\000d\000e\000t\000a\000i\000l\000s\000\040}{subsection.528}% 130
\BOOKMARK [2][-]{subsection.546}{\376\377\0005\000.\0001\000.\0001\0002\000\040\000N\000e\000t\000w\000o\000r\000k\000\040\000T\000r\000a\000n\000s\000m\000i\000s\000s\000i\000o\000n\000:\000\040\000N\000e\000t\000w\000o\000r\000k\000T\000x}{section.81}% 131
\BOOKMARK [3][-]{subsubsection.547}{\376\377\0005\000.\0001\000.\0001\0002\000.\0001\000\040\000A\000t\000t\000r\000i\000b\000u\000t\000e\000s}{subsection.546}% 132
\BOOKMARK [3][-]{subsubsection.548}{\376\377\0005\000.\0001\000.\0001\0002\000.\0002\000\040\000M\000e\000m\000b\000e\000r\000\040\000F\000u\000n\000c\000t\000i\000o\000n\000s\000\040}{subsection.546}% 133
\BOOKMARK [3][-]{subsubsection.549}{\376\377\0005\000.\0001\000.\0001\0002\000.\0003\000\040\000S\000l\000o\000t\000s}{subsection.546}% 134
\BOOKMARK [3][-]{subsubsection.550}{\376\377\0005\000.\0001\000.\0001\0002\000.\0004\000\040\000S\000i\000g\000n\000a\000l\000s}{subsection.546}% 135
\BOOKMARK [3][-]{subsubsection.551}{\376\377\0005\000.\0001\000.\0001\0002\000.\0005\000\040\000I\000n\000t\000e\000r\000n\000a\000l\000\040\000d\000e\000s\000i\000g\000n\000\040\000d\000e\000t\000a\000i\000l\000s\000\040}{subsection.546}% 136
\BOOKMARK [1][-]{section.558}{\376\377\0005\000.\0002\000\040\000T\000h\000r\000e\000a\000d\000s\000\040\000d\000e\000t\000a\000i\000l\000e\000d\000\040\000d\000e\000s\000i\000g\000n}{chapter.80}% 137
\BOOKMARK [2][-]{subsection.559}{\376\377\0005\000.\0002\000.\0001\000\040\000N\000e\000t\000w\000o\000r\000k\000\040\000R\000e\000c\000e\000p\000t\000i\000o\000n\000\040\000T\000h\000r\000e\000a\000d\000:\000\040\000N\000e\000t\000w\000o\000r\000k\000R\000x\000T\000h\000r\000e\000a\000d}{section.558}% 138
\BOOKMARK [3][-]{subsubsection.560}{\376\377\0005\000.\0002\000.\0001\000.\0001\000\040\000A\000t\000t\000r\000i\000b\000u\000t\000e\000s}{subsection.559}% 139
\BOOKMARK [3][-]{subsubsection.561}{\376\377\0005\000.\0002\000.\0001\000.\0002\000\040\000M\000e\000m\000b\000e\000r\000\040\000F\000u\000n\000c\000t\000i\000o\000n\000s\000\040}{subsection.559}% 140
\BOOKMARK [3][-]{subsubsection.562}{\376\377\0005\000.\0002\000.\0001\000.\0003\000\040\000S\000l\000o\000t\000s}{subsection.559}% 141
\BOOKMARK [3][-]{subsubsection.563}{\376\377\0005\000.\0002\000.\0001\000.\0004\000\040\000S\000i\000g\000n\000a\000l\000s}{subsection.559}% 142
\BOOKMARK [3][-]{subsubsection.564}{\376\377\0005\000.\0002\000.\0001\000.\0005\000\040\000I\000n\000t\000e\000r\000n\000a\000l\000\040\000d\000e\000s\000i\000g\000n\000\040\000d\000e\000t\000a\000i\000l\000s\000\040}{subsection.559}% 143
\BOOKMARK [2][-]{subsection.583}{\376\377\0005\000.\0002\000.\0002\000\040\000N\000e\000t\000w\000o\000r\000k\000\040\000T\000r\000a\000n\000s\000m\000i\000s\000s\000i\000o\000n\000\040\000T\000h\000r\000e\000a\000d\000s\000:\000\040\000N\000e\000t\000w\000o\000r\000k\000T\000x\000\040}{section.558}% 144
\BOOKMARK [3][-]{subsubsection.584}{\376\377\0005\000.\0002\000.\0002\000.\0001\000\040\000A\000t\000t\000r\000i\000b\000u\000t\000e\000s}{subsection.583}% 145
\BOOKMARK [3][-]{subsubsection.585}{\376\377\0005\000.\0002\000.\0002\000.\0002\000\040\000M\000e\000m\000b\000e\000r\000\040\000F\000u\000n\000c\000t\000i\000o\000n\000s\000\040}{subsection.583}% 146
\BOOKMARK [3][-]{subsubsection.586}{\376\377\0005\000.\0002\000.\0002\000.\0003\000\040\000S\000l\000o\000t\000s}{subsection.583}% 147
\BOOKMARK [3][-]{subsubsection.587}{\376\377\0005\000.\0002\000.\0002\000.\0004\000\040\000S\000i\000g\000n\000a\000l\000s}{subsection.583}% 148
\BOOKMARK [3][-]{subsubsection.588}{\376\377\0005\000.\0002\000.\0002\000.\0005\000\040\000I\000n\000t\000e\000r\000n\000a\000l\000\040\000d\000e\000s\000i\000g\000n\000\040\000d\000e\000t\000a\000i\000l\000s\000\040}{subsection.583}% 149
\BOOKMARK [2][-]{subsection.607}{\376\377\0005\000.\0002\000.\0003\000\040\000s\000i\000o\000t\000h\000r\000e\000a\000d\000s\000:\000\040\000S\000i\000o\000T\000h\000r\000e\000a\000d\000,\000\040\000S\000i\000o\000T\000h\000r\000e\000a\000d\000E}{section.558}% 150
\BOOKMARK [3][-]{subsubsection.608}{\376\377\0005\000.\0002\000.\0003\000.\0001\000\040\000A\000t\000t\000r\000i\000b\000u\000t\000e\000s}{subsection.607}% 151
\BOOKMARK [3][-]{subsubsection.609}{\376\377\0005\000.\0002\000.\0003\000.\0002\000\040\000M\000e\000m\000b\000e\000r\000\040\000F\000u\000n\000c\000t\000i\000o\000n\000s\000\040}{subsection.607}% 152
\BOOKMARK [3][-]{subsubsection.610}{\376\377\0005\000.\0002\000.\0003\000.\0003\000\040\000S\000l\000o\000t\000s}{subsection.607}% 153
\BOOKMARK [3][-]{subsubsection.611}{\376\377\0005\000.\0002\000.\0003\000.\0004\000\040\000S\000i\000g\000n\000a\000l\000s}{subsection.607}% 154
\BOOKMARK [3][-]{subsubsection.612}{\376\377\0005\000.\0002\000.\0003\000.\0005\000\040\000I\000n\000t\000e\000r\000n\000a\000l\000\040\000d\000e\000s\000i\000g\000n\000\040\000d\000e\000t\000a\000i\000l\000s\000\040}{subsection.607}% 155
\BOOKMARK [1][-]{section.631}{\376\377\0005\000.\0003\000\040\000D\000a\000t\000a\000\040\000d\000e\000t\000a\000i\000l\000e\000d\000\040\000d\000e\000s\000i\000g\000n}{chapter.80}% 156
\BOOKMARK [2][-]{subsection.632}{\376\377\0005\000.\0003\000.\0001\000\040\000D\000a\000t\000a\000\040\000s\000t\000r\000u\000c\000t\000u\000r\000e\000s}{section.631}% 157
\BOOKMARK [3][-]{subsubsection.633}{\376\377\0005\000.\0003\000.\0001\000.\0001\000\040\000C\000D\000T}{subsection.632}% 158
\BOOKMARK [3][-]{subsubsection.642}{\376\377\0005\000.\0003\000.\0001\000.\0002\000\040\000C\000o\000n\000s\000t\000a\000n\000t\000s}{subsection.632}% 159
\BOOKMARK [3][-]{subsubsection.675}{\376\377\0005\000.\0003\000.\0001\000.\0003\000\040\000A\000n\000t\000L\000o\000g}{subsection.632}% 160
\BOOKMARK [3][-]{subsubsection.725}{\376\377\0005\000.\0003\000.\0001\000.\0004\000\040\000A\000c\000q\000u\000i\000r\000e\000d\000\137\000e\000n\000c\000o\000d\000e\000r\000\137\000D\000a\000t\000a}{subsection.632}% 161
\BOOKMARK [3][-]{subsubsection.778}{\376\377\0005\000.\0003\000.\0001\000.\0005\000\040\000N\000e\000t\000R\000x\000M\000c}{subsection.632}% 162
\BOOKMARK [3][-]{subsubsection.791}{\376\377\0005\000.\0003\000.\0001\000.\0006\000\040\000S\000t\000n\000l\000o\000g}{subsection.632}% 163
\BOOKMARK [3][-]{subsubsection.842}{\376\377\0005\000.\0003\000.\0001\000.\0007\000\040\000D\000C\000E\000\137\000R\000C\000U\000l\000o\000g}{subsection.632}% 164
\BOOKMARK [3][-]{subsubsection.857}{\376\377\0005\000.\0003\000.\0001\000.\0008\000\040\000N\000e\000t\000T\000x\000M\000C\000C}{subsection.632}% 165
\BOOKMARK [3][-]{subsubsection.887}{\376\377\0005\000.\0003\000.\0001\000.\0009\000\040\000c\000d\000m\0001\000\137\000b\000u\000f\000f\000e\000r}{subsection.632}% 166
\BOOKMARK [3][-]{subsubsection.910}{\376\377\0005\000.\0003\000.\0001\000.\0001\0000\000\040\000c\000d\000m\0002\000\137\000b\000u\000f\000f\000e\000r}{subsection.632}% 167
\BOOKMARK [2][-]{subsection.933}{\376\377\0005\000.\0003\000.\0002\000\040\000I\000n\000p\000u\000t\000\040\000d\000a\000t\000a\000\040\000f\000i\000l\000e\000s}{section.631}% 168
\BOOKMARK [2][-]{subsection.934}{\376\377\0005\000.\0003\000.\0003\000\040\000C\000o\000n\000f\000i\000g\000u\000r\000a\000t\000i\000o\000n\000\040\000f\000i\000l\000e\000s}{section.631}% 169
\BOOKMARK [0][-]{chapter.935}{\376\377\0006\000\040\000P\000r\000o\000c\000e\000d\000u\000r\000e\000\040\000f\000o\000r\000\040\000l\000o\000a\000d\000i\000n\000g\000\040\000L\000i\000n\000u\000x\000\040\000O\000p\000e\000r\000a\000t\000i\000n\000g\000\040\000S\000y\000s\000t\000e\000m\000\040\000a\000n\000d\000\040\000o\000t\000h\000e\000r\000\040\000d\000r\000i\000v\000e\000r\000s\000\040\000a\000l\000o\000n\000g\000\040\000w\000i\000t\000h\000\040\000a\000d\000d\000\040\000o\000n\000\040\000c\000a\000r\000d\000s}{}% 170
\BOOKMARK [1][-]{section.936}{\376\377\0006\000.\0001\000\040\000L\000o\000a\000d\000i\000n\000g\000\040\000o\000f\000\040\000R\000e\000d\000h\000a\000t\000\040\000L\000i\000n\000u\000x\000\040\000O\000p\000e\000r\000a\000t\000i\000n\000g\000\040\000S\000y\000s\000t\000e\000m}{chapter.935}% 171
\BOOKMARK [1][-]{section.937}{\376\377\0006\000.\0002\000\040\000C\000o\000p\000y\000i\000n\000g\000\040\000p\000a\000c\000k\000a\000g\000e\000s\000\040\000a\000n\000d\000\040\000r\000e\000p\000o\000s\000i\000t\000o\000r\000y\000\040\000c\000r\000e\000a\000t\000i\000o\000n}{chapter.935}% 172
\BOOKMARK [2][-]{subsection.938}{\376\377\0006\000.\0002\000.\0001\000\040\000C\000o\000p\000y\000i\000n\000g\000\040\000o\000f\000\040\000p\000a\000c\000k\000a\000g\000e\000s}{section.937}% 173
\BOOKMARK [2][-]{subsection.939}{\376\377\0006\000.\0002\000.\0002\000\040\000R\000e\000p\000o\000s\000i\000t\000o\000r\000y\000\040\000c\000r\000e\000a\000t\000i\000o\000n}{section.937}% 174
\BOOKMARK [1][-]{section.940}{\376\377\0006\000.\0003\000\040\000I\000n\000s\000t\000a\000l\000l\000a\000t\000i\000o\000n\000\040\000o\000f\000\040\000l\000i\000b\000r\000a\000r\000i\000e\000s}{chapter.935}% 175
\BOOKMARK [1][-]{section.941}{\376\377\0006\000.\0004\000\040\000I\000n\000s\000t\000a\000l\000l\000a\000t\000i\000o\000n\000\040\000o\000f\000\040\000Q\000t}{chapter.935}% 176
\BOOKMARK [1][-]{section.945}{\376\377\0006\000.\0005\000\040\000I\000n\000s\000t\000a\000l\000l\000a\000t\000i\000o\000n\000\040\000o\000f\000\040\000d\000r\000i\000v\000e\000r\000s\000\040\000f\000o\000r\000\040\000a\000d\000d\000-\000o\000n\000\040\000c\000a\000r\000d\000s}{chapter.935}% 177
\BOOKMARK [2][-]{subsection.946}{\376\377\0006\000.\0005\000.\0001\000\040\000b\000l\000a\000c\000k\000l\000i\000s\000t\000i\000n\000g}{section.945}% 178
\BOOKMARK [2][-]{subsection.950}{\376\377\0006\000.\0005\000.\0002\000\040\000A\000d\000d\000i\000n\000g\000\040\000s\000e\000v\000e\000r\000a\000l\000\040\000p\000o\000r\000t\000s\000\040\000t\000o\000\040\000s\000y\000s\000t\000e\000m}{section.945}% 179
\BOOKMARK [2][-]{subsection.951}{\376\377\0006\000.\0005\000.\0003\000\040\000S\000e\000r\000i\000a\000l\000\040\000C\000a\000r\000d\000\040\000i\000n\000s\000t\000a\000l\000l\000a\000t\000i\000o\000n\000\040\000:\000\040\000P\000C\000I\0001\0006\0002\0000\000B}{section.945}% 180
\BOOKMARK [2][-]{subsection.954}{\376\377\0006\000.\0005\000.\0004\000\040\000D\000I\000O\000\040\000P\000a\000r\000a\000l\000l\000e\000l\000\040\000C\000a\000r\000d\000\040\000i\000n\000s\000t\000a\000l\000l\000a\000t\000i\000o\000n\000\040\000:\000\040\000P\000C\000I\0001\0007\0005\0003}{section.945}% 181
\BOOKMARK [2][-]{subsection.968}{\376\377\0006\000.\0005\000.\0005\000\040\000M\000u\000l\000t\000i\000f\000u\000n\000c\000t\000i\000o\000n\000\040\000C\000a\000r\000d\000\040\000i\000n\000s\000t\000a\000l\000l\000a\000t\000i\000o\000n\000\040\000:\000\040\000P\000C\000I\0001\0007\0001\0006}{section.945}% 182
\BOOKMARK [1][-]{section.976}{\376\377\0006\000.\0006\000\040\000O\000t\000h\000e\000r\000\040\000u\000s\000e\000f\000u\000l\000\040\000C\000o\000m\000m\000a\000n\000d\000s}{chapter.935}% 183
\BOOKMARK [0][-]{chapter.977}{\376\377\0007\000\040\000D\000a\000t\000a\000\040\000F\000o\000r\000m\000a\000t\000s}{}% 184
\BOOKMARK [1][-]{section.978}{\376\377\0007\000.\0001\000\040\000R\000S\000-\0002\0003\0002\000\040\000P\000i\000n\000\040\000a\000s\000s\000i\000g\000n\000m\000e\000n\000t\000\040\000d\000e\000t\000a\000i\000l\000s}{chapter.977}% 185
\BOOKMARK [1][-]{section.979}{\376\377\0007\000.\0002\000\040\000I\000n\000p\000u\000t\000\040\000F\000i\000l\000e\000\040\000f\000o\000r\000m\000a\000t\000s}{chapter.977}% 186
\BOOKMARK [2][-]{subsection.980}{\376\377\0007\000.\0002\000.\0001\000\040\000I\000n\000p\000u\000t\000\040\000f\000i\000l\000e\000:\000\040\000`\000`\000t\000c\000c\000o\000n\000s\000t\000a\000n\000t\000s\000.\000i\000n\000p\000"\000\040\000f\000o\000r\000m\000a\000t}{section.979}% 187
\BOOKMARK [2][-]{subsection.983}{\376\377\0007\000.\0002\000.\0002\000\040\000I\000n\000p\000u\000t\000\040\000f\000i\000l\000e\000:\000\040\000`\000`\000p\000i\000o\000.\000t\000x\000t\000"\000\040\000f\000o\000r\000m\000a\000t}{section.979}% 188
\BOOKMARK [2][-]{subsection.984}{\376\377\0007\000.\0002\000.\0003\000\040\000I\000n\000p\000u\000t\000\040\000f\000i\000l\000e\000:\000\040\000`\000`\000s\000i\000o\000.\000t\000x\000t\000"\000\040\000f\000o\000r\000m\000a\000t}{section.979}% 189
\BOOKMARK [2][-]{subsection.985}{\376\377\0007\000.\0002\000.\0004\000\040\000I\000n\000p\000u\000t\000\040\000f\000i\000l\000e\000:\000\040\000`\000`\000x\000x\000x\000x\000.\000t\000r\000j\000/\000p\000g\000m\000/\000t\000x\000t\000"\000\040\000f\000o\000r\000m\000a\000t}{section.979}% 190
\BOOKMARK [2][-]{subsection.986}{\376\377\0007\000.\0002\000.\0005\000\040\000I\000n\000p\000u\000t\000\040\000f\000i\000l\000e\000:\000\040\000`\000`\000U\000d\000p\000R\000x\000S\000o\000c\000k\000e\000t\000.\000i\000n\000p\000"\000\040\000f\000o\000r\000m\000a\000t}{section.979}% 191
\BOOKMARK [2][-]{subsection.987}{\376\377\0007\000.\0002\000.\0006\000\040\000I\000n\000p\000u\000t\000\040\000f\000i\000l\000e\000:\000\040\000`\000`\000U\000D\000p\000T\000x\000S\000o\000c\000k\000e\000t\000.\000i\000n\000p\000"\000\040\000f\000o\000r\000m\000a\000t}{section.979}% 192
\BOOKMARK [1][-]{section.990}{\376\377\0007\000.\0003\000\040\000C\000o\000n\000n\000e\000c\000t\000i\000v\000i\000t\000y\000\040\000d\000a\000t\000a\000\040\000p\000o\000r\000t\000\040\000f\000o\000r\000m\000a\000t\000s}{chapter.977}% 193
\BOOKMARK [2][-]{subsection.991}{\376\377\0007\000.\0003\000.\0001\000\040\000D\000I\000O\000\040\000P\000o\000r\000t\000s}{section.990}% 194
\BOOKMARK [2][-]{subsection.992}{\376\377\0007\000.\0003\000.\0002\000\040\000A\000n\000a\000l\000o\000g\000\040\000I\000n\000p\000u\000t\000\040\000C\000h\000a\000n\000n\000e\000l}{section.990}% 195
\BOOKMARK [2][-]{subsection.993}{\376\377\0007\000.\0003\000.\0003\000\040\000A\000n\000a\000l\000o\000g\000\040\000O\000u\000t\000p\000u\000t\000\040\000C\000h\000a\000n\000n\000e\000l\000s}{section.990}% 196
\BOOKMARK [2][-]{subsection.994}{\376\377\0007\000.\0003\000.\0004\000\040\000S\000e\000r\000i\000a\000l\000\040\000I\000n\000p\000u\000t\000\040\000P\000o\000r\000t\000s}{section.990}% 197
\BOOKMARK [2][-]{subsection.995}{\376\377\0007\000.\0003\000.\0005\000\040\000N\000e\000t\000w\000o\000r\000k\000\040\000P\000o\000r\000t\000s}{section.990}% 198
\BOOKMARK [1][-]{section.996}{\376\377\0007\000.\0004\000\040\000V\000a\000r\000i\000o\000u\000s\000\040\000l\000o\000g\000g\000i\000n\000g\000\040\000f\000o\000r\000m\000a\000t\000s}{chapter.977}% 199
\BOOKMARK [2][-]{subsection.1004}{\376\377\0007\000.\0004\000.\0001\000\040\000C\000D\000M\000\040\000r\000e\000c\000e\000p\000t\000i\000o\000n\000\040\000f\000o\000r\000m\000a\000t}{section.996}% 200
\BOOKMARK [0][-]{chapter.1006}{\376\377\0008\000\040\000F\000l\000o\000w\000\040\000C\000h\000a\000r\000t\000s}{}% 201
\BOOKMARK [1][-]{section.1007}{\376\377\0008\000.\0001\000\040\000I\000n\000i\000t\000i\000a\000l\000/\000M\000a\000i\000n\000W\000i\000n\000d\000o\000w\000\040\000F\000l\000o\000w\000\040\000C\000h\000a\000r\000t\000s}{chapter.1006}% 202
\BOOKMARK [1][-]{section.1010}{\376\377\0008\000.\0002\000\040\000F\000l\000o\000w\000\040\000c\000h\000a\000r\000t\000s\000\040\000o\000f\000\040\000s\000l\000o\000t\000s\000\040\000i\000n\000\040\000m\000a\000i\000n\000W\000i\000n\000d\000o\000w}{chapter.1006}% 203
\BOOKMARK [2][-]{subsection.1011}{\376\377\0008\000.\0002\000.\0001\000\040\000C\000D\000T\000\040\000S\000l\000o\000t\000\040\000F\000l\000o\000w\000\040\000C\000h\000a\000r\000t\000s\000\040\000i\000n\000\040\000m\000a\000i\000n\000W\000i\000n\000d\000o\000w}{section.1010}% 204
\BOOKMARK [2][-]{subsection.1013}{\376\377\0008\000.\0002\000.\0002\000\040\000E\000D\000A\000U\000\040\000S\000l\000o\000t\000\040\000F\000l\000o\000w\000\040\000C\000h\000a\000r\000t\000s\000\040\000i\000n\000\040\000m\000a\000i\000n\000W\000i\000n\000d\000o\000w}{section.1010}% 205
\BOOKMARK [2][-]{subsection.1016}{\376\377\0008\000.\0002\000.\0003\000\040\000C\000D\000M\000\040\000S\000l\000o\000t\000\040\000C\000h\000a\000r\000t\000s\000\040\000i\000n\000\040\000m\000a\000i\000n\000W\000i\000n\000d\000o\000w}{section.1010}% 206
\BOOKMARK [2][-]{subsection.1018}{\376\377\0008\000.\0002\000.\0004\000\040\0001\0000\0000\000H\000z\000\040\000I\000n\000t\000e\000r\000r\000u\000p\000t\000\040\000r\000e\000c\000e\000i\000v\000e\000d\000\040\000s\000l\000o\000t\000\040\000i\000n\000\040\000m\000a\000i\000n\000W\000i\000n\000d\000o\000w}{section.1010}% 207
\BOOKMARK [2][-]{subsection.1022}{\376\377\0008\000.\0002\000.\0005\000\040\000T\000c\000P\000r\000o\000c\000e\000s\000s\000\040\000F\000l\000o\000w\000\040\000c\000h\000a\000r\000t\000s\000:\000\040\000i\000n\000\040\000m\000a\000i\000n\000W\000i\000n\000d\000o\000w}{section.1010}% 208
\BOOKMARK [2][-]{subsection.1026}{\376\377\0008\000.\0002\000.\0006\000\040\000D\000a\000t\000a\000\040\000a\000s\000s\000i\000g\000n\000m\000e\000n\000t\000\040\000f\000o\000r\000\040\000l\000o\000g\000g\000i\000n\000g\000:\000\040\000i\000n\000\040\000m\000a\000i\000n\000W\000i\000n\000d\000o\000w}{section.1010}% 209
\BOOKMARK [1][-]{section.1028}{\376\377\0008\000.\0003\000\040\000T\000C\000\040\000p\000r\000o\000c\000e\000s\000s\000\040\000f\000l\000o\000w\000\040\000c\000h\000a\000r\000t\000s\000\040\000:\000\040\000t\000c\000p\000r\000o\000c\000e\000s\000s\000\040\000c\000l\000a\000s\000s}{chapter.1006}% 210
\BOOKMARK [2][-]{subsection.1029}{\376\377\0008\000.\0003\000.\0001\000\040\000C\000D\000T\000\040\000P\000r\000o\000c\000e\000s\000s\000i\000n\000g}{section.1028}% 211
\BOOKMARK [2][-]{subsection.1031}{\376\377\0008\000.\0003\000.\0002\000\040\000R\000F\000\040\000p\000o\000w\000e\000r\000\040\000l\000e\000v\000e\000l\000\040\000p\000r\000o\000c\000e\000s\000s\000i\000n\000g}{section.1028}% 212
\BOOKMARK [2][-]{subsection.1033}{\376\377\0008\000.\0003\000.\0003\000\040\000D\000I\000O\000\040\000p\000a\000r\000a\000l\000l\000e\000l\000\040\000d\000a\000t\000a\000\040\000p\000r\000o\000c\000e\000s\000s\000i\000n\000g}{section.1028}% 213
\BOOKMARK [2][-]{subsection.1036}{\376\377\0008\000.\0003\000.\0004\000\040\000C\000D\000M\000\040\000d\000a\000t\000a\000\040\000p\000r\000o\000c\000e\000s\000s\000i\000n\000g}{section.1028}% 214
\BOOKMARK [2][-]{subsection.1039}{\376\377\0008\000.\0003\000.\0005\000\040\000E\000D\000A\000U\000\040\000f\000l\000o\000w\000\040\000c\000h\000a\000r\000t\000s}{section.1028}% 215
\BOOKMARK [1][-]{section.1048}{\376\377\0008\000.\0004\000\040\000A\000n\000a\000l\000o\000g\000\040\000d\000a\000t\000a\000\040\000i\000n\000p\000u\000t\000\040\000a\000n\000d\000\040\000o\000u\000t\000p\000u\000t}{chapter.1006}% 216
\BOOKMARK [2][-]{subsection.1049}{\376\377\0008\000.\0004\000.\0001\000\040\000A\000n\000a\000l\000o\000g\000\040\000o\000u\000t\000p\000u\000t}{section.1048}% 217
\BOOKMARK [2][-]{subsection.1051}{\376\377\0008\000.\0004\000.\0002\000\040\000A\000n\000a\000l\000o\000g\000\040\000i\000n\000p\000u\000t}{section.1048}% 218
\BOOKMARK [1][-]{section.1053}{\376\377\0008\000.\0005\000\040\000F\000l\000o\000w\000\040\000c\000h\000a\000r\000t\000s\000\040\000f\000o\000r\000\040\000c\000o\000n\000c\000u\000r\000r\000e\000n\000t\000\040\000d\000a\000t\000a\000\040\000f\000l\000o\000w}{chapter.1006}% 219
\BOOKMARK [2][-]{subsection.1054}{\376\377\0008\000.\0005\000.\0001\000\040\000E\000D\000A\000U\000\040\000s\000e\000r\000i\000a\000l\000\040\000d\000a\000t\000a\000\040\000r\000e\000c\000e\000p\000t\000i\000o\000n}{section.1053}% 220
\BOOKMARK [2][-]{subsection.1056}{\376\377\0008\000.\0005\000.\0002\000\040\000C\000D\000T\000\040\000s\000e\000r\000i\000a\000l\000\040\000d\000a\000t\000a\000\040\000r\000e\000c\000e\000p\000t\000i\000o\000n}{section.1053}% 221
\BOOKMARK [2][-]{subsection.1058}{\376\377\0008\000.\0005\000.\0003\000\040\000C\000D\000M\000\040\000n\000e\000t\000w\000o\000r\000k\000\040\000r\000e\000c\000e\000p\000t\000i\000o\000n}{section.1053}% 222
\BOOKMARK [2][-]{subsection.1060}{\376\377\0008\000.\0005\000.\0004\000\040\000D\000I\000\040\000p\000a\000r\000a\000l\000l\000e\000l\000\040\000i\000n\000t\000e\000r\000r\000u\000p\000t}{section.1053}% 223
\BOOKMARK [0][-]{chapter.1062}{\376\377\0009\000\040\000F\000e\000a\000t\000u\000r\000e\000s\000\040\000o\000f\000\040\000n\000e\000w\000\040\000L\000i\000n\000u\000x\000\040\000b\000a\000s\000e\000d\000\040\000D\000P\000S\000\040\000c\000o\000m\000p\000a\000r\000e\000d\000\040\000t\000o\000\040\000o\000l\000d\000\040\000w\000i\000n\000d\000o\000w\000s\000\040\0002\000K\000\040\000b\000a\000s\000e\000d\000\040\000D\000P\000S}{}% 224
\BOOKMARK [0][-]{chapter.1063}{\376\377\0001\0000\000\040\000D\000i\000s\000p\000l\000a\000y\000\040\000P\000a\000g\000e\000s}{}% 225
